2025/02/10 15:32:09 [2025-02-10T15:32:09+01:00] Asset: PAL (Proficient Auto Logistics, Inc. Common Stock), AvgChange: 0.04, DayChange: 0.11, LastPrice: 9.29

2025/02/10 15:32:55 [2025-02-10T15:32:55+01:00] Asset: PAL (Proficient Auto Logistics, Inc. Common Stock), AvgChange: 0.04, DayChange: 0.11, LastPrice: 9.29

2025/02/10 15:33:01 [2025-02-10T15:33:01+01:00] Asset: AIOT (PowerFleet, Inc. Common Stock), AvgChange: 0.03, DayChange: 0.12, LastPrice: 7.13

2025/02/10 15:37:01 [2025-02-10T15:37:01+01:00] Asset: ATAI (ATAI Life Sciences N.V. Common Shares), AvgChange: 0.07, DayChange: 0.10, LastPrice: 2.44

2025/02/10 15:38:06 [2025-02-10T15:38:06+01:00] Asset: LFWD (Lifeward Ltd. Ordinary Shares), AvgChange: 0.03, DayChange: 0.11, LastPrice: 1.68

2025/02/10 15:40:04 [2025-02-10T15:40:04+01:00] Asset: CYN (Cyngn Inc. Common Stock), AvgChange: 0.08, DayChange: 0.11, LastPrice: 0.10

2025/02/10 15:40:04 [2025-02-10T15:40:04+01:00] Asset: MNTS (Momentus Inc. Class A Common Stock), AvgChange: 0.05, DayChange: 0.11, LastPrice: 5.40

2025/02/10 15:40:04 [2025-02-10T15:40:04+01:00] Asset: NVNI (Nvni Group Limited Ordinary Shares), AvgChange: 0.17, DayChange: 0.13, LastPrice: 4.89

2025/02/10 15:41:04 [2025-02-10T15:41:04+01:00] Asset: BFRG (Bullfrog AI Holdings, Inc. Common Stock), AvgChange: 0.05, DayChange: 0.11, LastPrice: 3.60

2025/02/10 15:41:04 [2025-02-10T15:41:04+01:00] Asset: DOMH (Dominari Holdings Inc. Common Stock), AvgChange: 0.10, DayChange: 0.14, LastPrice: 4.51

2025/02/10 15:42:02 [2025-02-10T15:42:02+01:00] Asset: SOPA (Society Pass Incorporated Common Stock), AvgChange: 0.07, DayChange: 0.11, LastPrice: 2.48

2025/02/10 15:44:04 [2025-02-10T15:44:04+01:00] Asset: NLSP (NLS Pharmaceutics Ltd. Ordinary Shares), AvgChange: 0.03, DayChange: 0.14, LastPrice: 2.87

2025/02/10 15:44:04 [2025-02-10T15:44:04+01:00] Asset: QNTM (Quantum Biopharma Ltd. Class B Subordinate Voting Shares), AvgChange: 0.07, DayChange: 0.10, LastPrice: 12.00

2025/02/10 15:47:07 [2025-02-10T15:47:07+01:00] Asset: SWTX (SpringWorks Therapeutics, Inc. Common Stock), AvgChange: 0.03, DayChange: 0.10, LastPrice: 45.23

2025/02/10 15:49:05 [2025-02-10T15:49:05+01:00] Asset: BNAI (Brand Engagement Network Inc. Common Stock), AvgChange: 0.04, DayChange: 0.15, LastPrice: 0.62

2025/02/10 15:49:05 [2025-02-10T15:49:05+01:00] Asset: BHAT (Blue Hat Interactive Entertainment Technology Ordinary Shares), AvgChange: 0.08, DayChange: 0.11, LastPrice: 0.07

2025/02/10 15:52:01 [2025-02-10T15:52:01+01:00] Asset: RR (Richtech Robotics Inc. Class B Common Stock), AvgChange: 0.06, DayChange: 0.10, LastPrice: 3.29

2025/02/10 15:53:01 [2025-02-10T15:53:01+01:00] Asset: JG (Aurora Mobile Limited American Depositary Shares), AvgChange: 0.09, DayChange: 0.22, LastPrice: 15.39

2025/02/10 15:55:03 [2025-02-10T15:55:03+01:00] Asset: NKLA (Nikola Corporation Common Stock), AvgChange: 0.06, DayChange: 0.11, LastPrice: 0.52

2025/02/10 15:59:05 [2025-02-10T15:59:05+01:00] Asset: ASTS (AST SpaceMobile, Inc. Class A Common Stock), AvgChange: 0.05, DayChange: 0.10, LastPrice: 30.26

2025/02/10 15:59:05 [2025-02-10T15:59:05+01:00] Asset: IMNM (Immunome, Inc. Common Stock), AvgChange: 0.03, DayChange: 0.10, LastPrice: 12.10

2025/02/10 16:02:02 [2025-02-10T16:02:02+01:00] Asset: CMPX (Compass Therapeutics, Inc. Common Stock), AvgChange: 0.06, DayChange: 0.11, LastPrice: 4.02

2025/02/10 16:09:49 [2025-02-10T16:09:49+01:00] Asset: NIVF (NewGenIvf Group Limited Class A ordinary shares), AvgChange: 0.07, DayChange: 0.10, LastPrice: 0.13

2025/02/10 16:11:05 [2025-02-10T16:11:05+01:00] Asset: PTLE (PTL LTD Ordinary Shares), AvgChange: 0.05, DayChange: 0.11, LastPrice: 1.47

2025/02/10 16:11:05 [2025-02-10T16:11:05+01:00] Asset: OMGA (Omega Therapeutics, Inc. Common Stock), AvgChange: 0.11, DayChange: 0.10, LastPrice: 0.12

2025/02/10 16:12:03 [2025-02-10T16:12:03+01:00] Asset: FAAS (DigiAsia Corp. Ordinary Shares), AvgChange: 0.05, DayChange: 0.11, LastPrice: 0.69

2025/02/10 16:20:04 [2025-02-10T16:20:04+01:00] Asset: ARBE (Arbe Robotics Ltd. Ordinary Shares), AvgChange: 0.03, DayChange: 0.10, LastPrice: 3.06

2025/02/10 16:20:04 [2025-02-10T16:20:04+01:00] Asset: BMRA (Biomerica, Inc. Common Stock), AvgChange: 0.07, DayChange: 0.16, LastPrice: 0.67

2025/02/10 16:20:04 [2025-02-10T16:20:04+01:00] Asset: JBDI (JBDI Holdings Limited Ordinary Shares), AvgChange: 0.03, DayChange: 0.14, LastPrice: 0.78

2025/02/10 16:22:02 [2025-02-10T16:22:02+01:00] Asset: SATL (Satellogic Inc. Class A Ordinary Shares), AvgChange: 0.03, DayChange: 0.12, LastPrice: 4.55

2025/02/10 16:25:02 [2025-02-10T16:25:02+01:00] Asset: PET (Wag! Group Co. Common Stock), AvgChange: 0.03, DayChange: 0.12, LastPrice: 0.37

2025/02/10 16:28:06 [2025-02-10T16:28:06+01:00] Asset: FFIE (Faraday Future Intelligent Electric Inc. Class A Common Stock), AvgChange: 0.05, DayChange: 0.11, LastPrice: 1.50

2025/02/10 16:31:05 [2025-02-10T16:31:05+01:00] Asset: RIME (Algorhythm Holdings, Inc. Common Stock), AvgChange: 0.07, DayChange: 0.10, LastPrice: 3.24

2025/02/10 16:35:05 [2025-02-10T16:35:05+01:00] Asset: TOI (The Oncology Institute, Inc. Common Stock), AvgChange: 0.07, DayChange: 0.10, LastPrice: 1.02

2025/02/10 16:35:05 [2025-02-10T16:35:05+01:00] Asset: SKBL (Skyline Builders Group Holding Limited Class A Ordinary Shares), AvgChange: 0.05, DayChange: 0.15, LastPrice: 5.91

2025/02/10 16:36:04 [2025-02-10T16:36:04+01:00] Asset: RNAZ (TransCode Therapeutics, Inc. Common Stock), AvgChange: 0.14, DayChange: 0.12, LastPrice: 11.27

2025/02/10 16:38:05 [2025-02-10T16:38:05+01:00] Asset: NIXX (Nixxy, Inc. Common Stock), AvgChange: 0.05, DayChange: 0.14, LastPrice: 2.54

2025/02/10 16:38:05 [2025-02-10T16:38:05+01:00] Asset: WLGS (Wang & Lee Group, Inc. Ordinary Shares), AvgChange: 0.05, DayChange: 0.18, LastPrice: 9.17

2025/02/10 16:40:06 [2025-02-10T16:40:06+01:00] Asset: PDYN (Palladyne AI Corp. Common Stock), AvgChange: 0.04, DayChange: 0.14, LastPrice: 12.01

2025/02/10 17:49:13 [2025-02-10T17:49:13+01:00] Asset: IRBT (iRobot Corporation Common Stock), AvgChange: 0.02, DayChange: 0.14, LastPrice: 8.93

2025/02/10 17:49:13 [2025-02-10T17:49:13+01:00] Asset: AVGR (Avinger, Inc. Common Stock), AvgChange: 0.02, DayChange: 0.18, LastPrice: 0.45

2025/02/10 17:49:13 [2025-02-10T17:49:13+01:00] Asset: LUCD (Lucid Diagnostics Inc. Common Stock), AvgChange: 0.02, DayChange: 0.15, LastPrice: 1.28

2025/02/10 17:49:13 [2025-02-10T17:49:13+01:00] Asset: APM (Aptorum Group Limited Class A Ordinary Shares), AvgChange: 0.04, DayChange: 0.18, LastPrice: 1.45

2025/02/10 17:49:13 [2025-02-10T17:49:13+01:00] Asset: APCX (AppTech Payments Corp. Common Stock), AvgChange: 0.03, DayChange: 0.16, LastPrice: 0.39

2025/02/10 17:49:13 [2025-02-10T17:49:13+01:00] Asset: STIM (Neuronetics, Inc. Common Stock), AvgChange: 0.05, DayChange: 0.15, LastPrice: 3.67

2025/02/10 17:49:13 [2025-02-10T17:49:13+01:00] Asset: SXTP (60 Degrees Pharmaceuticals, Inc. Common Stock), AvgChange: 0.07, DayChange: 0.12, LastPrice: 0.60

2025/02/10 17:49:13 [2025-02-10T17:49:13+01:00] Asset: ZNTL (Zentalis Pharmaceuticals, Inc. Common Stock), AvgChange: 0.05, DayChange: 0.12, LastPrice: 2.17

2025/02/10 17:49:13 [2025-02-10T17:49:13+01:00] Asset: RVSN (Rail Vision Ltd. Ordinary Share), AvgChange: 0.05, DayChange: 0.20, LastPrice: 0.80

2025/02/10 17:49:13 [2025-02-10T17:49:13+01:00] Asset: SDST (Stardust Power Inc. Common Stock), AvgChange: 0.09, DayChange: 0.12, LastPrice: 0.77

2025/02/10 17:49:13 [2025-02-10T17:49:13+01:00] Asset: KMDA (Kamada Ltd. Ordinary Shares), AvgChange: 0.02, DayChange: 0.11, LastPrice: 8.91

2025/02/10 17:49:13 [2025-02-10T17:49:13+01:00] Asset: GRRR (Gorilla Technology Group Inc. Ordinary shares), AvgChange: 0.05, DayChange: 0.11, LastPrice: 22.41

2025/02/10 17:49:13 [2025-02-10T17:49:13+01:00] Asset: CNSP (CNS Pharmaceuticals, Inc. Common Stock), AvgChange: 0.03, DayChange: 0.12, LastPrice: 0.10

2025/02/10 17:49:13 [2025-02-10T17:49:13+01:00] Asset: CJMB (Callan JMB Inc. Common Stock), AvgChange: 0.05, DayChange: 0.12, LastPrice: 4.72

2025/02/10 18:05:38 [2025-02-10T18:05:38+01:00] Asset: ORIC (Oric Pharmaceuticals, Inc. Common Stock), AvgChange: 0.05, DayChange: 0.10, LastPrice: 13.23

2025/02/10 18:05:38 [2025-02-10T18:05:38+01:00] Asset: VNET (VNET Group, Inc. American Depositary Shares), AvgChange: 0.05, DayChange: 0.12, LastPrice: 10.37

2025/02/10 18:05:38 [2025-02-10T18:05:38+01:00] Asset: MGOL (MGO Global Inc. Common Stock), AvgChange: 0.11, DayChange: 0.13, LastPrice: 0.75

2025/02/10 18:05:38 [2025-02-10T18:05:38+01:00] Asset: EYEN (Eyenovia, Inc. Common Stock), AvgChange: 0.07, DayChange: 0.15, LastPrice: 2.01

2025/02/10 18:05:38 [2025-02-10T18:05:38+01:00] Asset: BYRN (Byrna Technologies, Inc. Common Stock), AvgChange: 0.03, DayChange: 0.10, LastPrice: 33.87

2025/02/10 18:05:38 [2025-02-10T18:05:38+01:00] Asset: CRNC (Cerence Inc. Common Stock), AvgChange: 0.04, DayChange: 0.10, LastPrice: 16.36

2025/02/10 18:05:38 [2025-02-10T18:05:38+01:00] Asset: GOSS (Gossamer Bio, Inc. Common Stock), AvgChange: 0.03, DayChange: 0.11, LastPrice: 1.18

2025/02/10 18:59:39 [2025-02-10T18:59:39+01:00] Asset: ACB (Aurora Cannabis Inc. Common Shares), AvgChange: 0.04, DayChange: 0.14, LastPrice: 6.87

2025/02/10 18:59:39 [2025-02-10T18:59:39+01:00] Asset: SURG (SurgePays, Inc. Common Stock), AvgChange: 0.02, DayChange: 0.10, LastPrice: 1.52

2025/02/10 18:59:39 [2025-02-10T18:59:39+01:00] Asset: CSAI (Cloudastructure, Inc. Class A Common Stock), AvgChange: 0.09, DayChange: 0.15, LastPrice: 6.52

2025/02/10 18:59:39 [2025-02-10T18:59:39+01:00] Asset: POET (POET Technologies Inc. Common Shares), AvgChange: 0.03, DayChange: 0.11, LastPrice: 5.37

2025/02/10 18:59:39 [2025-02-10T18:59:39+01:00] Asset: PCLA (PicoCELA Inc. American Depositary Shares), AvgChange: 0.09, DayChange: 0.11, LastPrice: 7.77

2025/02/10 18:59:39 [2025-02-10T18:59:39+01:00] Asset: GWAV (Greenwave Technology Solutions, Inc. Common Stock), AvgChange: 0.04, DayChange: 0.11, LastPrice: 0.42

2025/02/10 18:59:39 [2025-02-10T18:59:39+01:00] Asset: DATS (DatChat, Inc. Common Stock), AvgChange: 0.05, DayChange: 0.11, LastPrice: 3.39

2025/02/10 18:59:39 [2025-02-10T18:59:39+01:00] Asset: WINT (Windtree Therapeutics, Inc. Common Stock), AvgChange: 0.05, DayChange: 0.13, LastPrice: 0.13

2025/02/10 19:17:07 [2025-02-10T19:17:07+01:00] Asset: CCLD (CareCloud, Inc. Common Stock), AvgChange: 0.04, DayChange: 0.11, LastPrice: 4.63

2025/02/10 19:17:07 [2025-02-10T19:17:07+01:00] Asset: ASST (Asset Entities Inc. Class B Common Stock), AvgChange: 0.09, DayChange: 0.12, LastPrice: 0.66

2025/02/10 19:17:07 [2025-02-10T19:17:07+01:00] Asset: KITT (Nauticus Robotics, Inc. Common stock), AvgChange: 0.05, DayChange: 0.13, LastPrice: 1.84

2025/02/10 19:17:07 [2025-02-10T19:17:07+01:00] Asset: ADVM (Adverum Biotechnologies, Inc. Common Stock), AvgChange: 0.02, DayChange: 0.11, LastPrice: 4.87

2025/02/10 19:17:07 [2025-02-10T19:17:07+01:00] Asset: CNVS (Cineverse Corp. Class A Common Stock), AvgChange: 0.03, DayChange: 0.11, LastPrice: 4.48

2025/02/10 19:17:07 [2025-02-10T19:17:07+01:00] Asset: BNRG (Brenmiller Energy Ltd Ordinary Shares), AvgChange: 0.05, DayChange: 0.10, LastPrice: 1.27

2025/02/10 19:17:07 [2025-02-10T19:17:07+01:00] Asset: GFAI (Guardforce AI Co., Limited Ordinary Shares), AvgChange: 0.03, DayChange: 0.10, LastPrice: 1.70

2025/02/10 19:17:07 [2025-02-10T19:17:07+01:00] Asset: WNW (Meiwu Technology Company Limited Ordinary Shares), AvgChange: 0.06, DayChange: 0.11, LastPrice: 0.20

2025/02/10 19:29:18 [2025-02-10T19:29:18+01:00] Asset: MOBX (Mobix Labs, Inc. Class A Common Stock), AvgChange: 0.06, DayChange: 0.11, LastPrice: 1.41

2025/02/10 19:43:58 [2025-02-10T19:43:58+01:00] Asset: SUUN (SolarBank Corporation Common Stock), AvgChange: 0.03, DayChange: 0.10, LastPrice: 5.52

2025/02/10 19:43:58 [2025-02-10T19:43:58+01:00] Asset: KOSS (Koss Corporation Common Stock), AvgChange: 0.02, DayChange: 0.10, LastPrice: 6.70

2025/02/10 19:43:58 [2025-02-10T19:43:58+01:00] Asset: GRCE (Grace Therapeutics, Inc. Common Stock), AvgChange: 0.01, DayChange: 0.11, LastPrice: 3.65

2025/02/10 19:43:58 [2025-02-10T19:43:58+01:00] Asset: AVDL (Avadel Pharmaceuticals plc Ordinary Share), AvgChange: 0.02, DayChange: 0.10, LastPrice: 9.03

2025/02/10 19:48:53 [2025-02-10T19:48:53+01:00] Asset: CDNA (CareDx, Inc. Common Stock), AvgChange: 0.02, DayChange: 0.10, LastPrice: 24.40

2025/02/10 19:49:56 [2025-02-10T19:49:56+01:00] Asset: PAHC (Phibro Animal Health Corporation Class A Common Stock), AvgChange: 0.02, DayChange: 0.10, LastPrice: 25.98

2025/02/10 19:56:02 [2025-02-10T19:56:02+01:00] Asset: SPHL (Springview Holdings Ltd Class A Ordinary Shares), AvgChange: 0.06, DayChange: 0.18, LastPrice: 1.88

2025/02/10 19:56:02 [2025-02-10T19:56:02+01:00] Asset: RKLB (Rocket Lab USA, Inc. Common Stock), AvgChange: 0.03, DayChange: 0.10, LastPrice: 30.56

2025/02/10 19:56:02 [2025-02-10T19:56:02+01:00] Asset: LTRY (Lottery.com, Inc. Common Stock), AvgChange: 0.19, DayChange: 0.13, LastPrice: 1.35
-----

2025/02/11 15:33:02 [2025-02-11T15:33:02+01:00] Asset: LFWD (Lifeward Ltd. Ordinary Shares), AvgChange: 0.04, DayChange: 0.11, LastPrice: 2.34

2025/02/11 15:35:03 [2025-02-11T15:35:03+01:00] Asset: BHAT (Blue Hat Interactive Entertainment Technology Ordinary Shares), AvgChange: 0.08, DayChange: 0.17, LastPrice: 0.12

2025/02/11 15:35:03 [2025-02-11T15:35:03+01:00] Asset: MGOL (MGO Global Inc. Common Stock), AvgChange: 0.11, DayChange: 0.11, LastPrice: 0.55

2025/02/11 15:36:04 [2025-02-11T15:36:04+01:00] Asset: ORMP (Oramed Pharmaceuticals Inc. Common Stock), AvgChange: 0.01, DayChange: 0.14, LastPrice: 2.55

2025/02/11 15:37:04 [2025-02-11T15:37:04+01:00] Asset: XAIR (Beyond Air, Inc. Common Stock), AvgChange: 0.03, DayChange: 0.12, LastPrice: 0.51

2025/02/11 15:37:04 [2025-02-11T15:37:04+01:00] Asset: HLIT (Harmonic Inc. Common Stock), AvgChange: 0.01, DayChange: 0.11, LastPrice: 9.42

2025/02/11 15:38:01 [2025-02-11T15:38:01+01:00] Asset: FLYE (Fly-E Group, Inc. Common Stock), AvgChange: 0.04, DayChange: 0.30, LastPrice: 0.67

2025/02/11 15:38:01 [2025-02-11T15:38:01+01:00] Asset: LNZA (LanzaTech Global, Inc. Common Stock), AvgChange: 0.05, DayChange: 0.10, LastPrice: 0.85

2025/02/11 15:38:01 [2025-02-11T15:38:01+01:00] Asset: SOPA (Society Pass Incorporated Common Stock), AvgChange: 0.08, DayChange: 0.10, LastPrice: 3.23

2025/02/11 15:39:05 [2025-02-11T15:39:05+01:00] Asset: OCEA (Ocean Biomedical, Inc. Common Stock), AvgChange: 0.13, DayChange: 0.10, LastPrice: 0.23

2025/02/11 15:39:05 [2025-02-11T15:39:05+01:00] Asset: TEM (Tempus AI, Inc. Class A Common Stock), AvgChange: 0.06, DayChange: 0.11, LastPrice: 75.26

2025/02/11 15:39:05 [2025-02-11T15:39:05+01:00] Asset: GDS (GDS Holdings Limited ADS), AvgChange: 0.04, DayChange: 0.10, LastPrice: 33.79

2025/02/11 15:40:03 [2025-02-11T15:40:03+01:00] Asset: CSAI (Cloudastructure, Inc. Class A Common Stock), AvgChange: 0.22, DayChange: 0.10, LastPrice: 10.29

2025/02/11 15:41:06 [2025-02-11T15:41:06+01:00] Asset: OMGA (Omega Therapeutics, Inc. Common Stock), AvgChange: 0.10, DayChange: 0.10, LastPrice: 0.12

2025/02/11 15:42:05 [2025-02-11T15:42:05+01:00] Asset: BNAI (Brand Engagement Network Inc. Common Stock), AvgChange: 0.06, DayChange: 0.12, LastPrice: 0.64

2025/02/11 15:45:04 [2025-02-11T15:45:04+01:00] Asset: TTOO (T2 Biosystems, Inc. Common Stock), AvgChange: 0.04, DayChange: 0.11, LastPrice: 0.12

2025/02/11 15:48:29 [2025-02-11T15:48:29+01:00] Asset: GOCO (GoHealth, Inc. Class A Common Stock), AvgChange: 0.03, DayChange: 0.11, LastPrice: 19.25

2025/02/11 15:53:01 [2025-02-11T15:53:01+01:00] Asset: FBGL (FBS Global Limited Ordinary Shares), AvgChange: 0.23, DayChange: 0.10, LastPrice: 1.38

2025/02/11 15:56:02 [2025-02-11T15:56:02+01:00] Asset: MULN (Mullen Automotive, Inc. Common Stock), AvgChange: 0.07, DayChange: 0.11, LastPrice: 0.26

2025/02/11 16:07:15 [2025-02-11T16:07:15+01:00] Asset: AIFF (Firefly Neuroscience, Inc. Common Stock), AvgChange: 0.04, DayChange: 0.17, LastPrice: 5.06

2025/02/11 16:07:15 [2025-02-11T16:07:15+01:00] Asset: BCDA (BioCardia, Inc. Common Stock), AvgChange: 0.02, DayChange: 0.11, LastPrice: 2.66

2025/02/11 16:22:09 [2025-02-11T16:22:09+01:00] Asset: ADTX (Aditxt, Inc. Common Stock), AvgChange: 0.05, DayChange: 0.11, LastPrice: 0.11

2025/02/11 16:22:09 [2025-02-11T16:22:09+01:00] Asset: LICN (Lichen China Limited Class A Ordinary Shares), AvgChange: 0.07, DayChange: 0.10, LastPrice: 0.09

2025/02/11 16:22:09 [2025-02-11T16:22:09+01:00] Asset: LTRY (Lottery.com, Inc. Common Stock), AvgChange: 0.20, DayChange: 0.11, LastPrice: 1.42

2025/02/11 16:22:09 [2025-02-11T16:22:09+01:00] Asset: HSAI (Hesai Group American Depositary Share, each ADS represents one Class B ordinary share), AvgChange: 0.05, DayChange: 0.12, LastPrice: 18.91

2025/02/11 16:25:02 [2025-02-11T16:25:02+01:00] Asset: HUBC (Hub Cyber Security Ltd. Ordinary Shares), AvgChange: 0.08, DayChange: 0.12, LastPrice: 0.92

2025/02/11 16:26:06 [2025-02-11T16:26:06+01:00] Asset: MYNZ (Mainz Biomed N.V. Ordinary Shares), AvgChange: 0.04, DayChange: 0.12, LastPrice: 7.99

2025/02/11 16:26:06 [2025-02-11T16:26:06+01:00] Asset: GWAV (Greenwave Technology Solutions, Inc. Common Stock), AvgChange: 0.05, DayChange: 0.10, LastPrice: 0.50

2025/02/11 18:00:38 [2025-02-11T18:00:38+01:00] Asset: NAAS (NaaS Technology Inc. American Depositary Shares), AvgChange: 0.03, DayChange: 0.11, LastPrice: 1.50

2025/02/11 18:00:38 [2025-02-11T18:00:38+01:00] Asset: PCLA (PicoCELA Inc. American Depositary Shares), AvgChange: 0.09, DayChange: 0.13, LastPrice: 8.83

2025/02/11 18:00:38 [2025-02-11T18:00:38+01:00] Asset: PITA (Heramba Electric plc Ordinary Shares), AvgChange: 0.04, DayChange: 0.12, LastPrice: 0.45

2025/02/11 18:00:38 [2025-02-11T18:00:38+01:00] Asset: RITR (Reitar Logtech Holdings Limited Ordinary shares), AvgChange: 0.04, DayChange: 0.20, LastPrice: 3.01

2025/02/11 18:00:38 [2025-02-11T18:00:38+01:00] Asset: AEHL (Antelope Enterprise Holdings Limited Class A Ordinary Shares), AvgChange: 0.04, DayChange: 0.10, LastPrice: 0.14

2025/02/11 18:00:38 [2025-02-11T18:00:38+01:00] Asset: GNLX (Genelux Corporation Common Stock), AvgChange: 0.05, DayChange: 0.11, LastPrice: 5.08

2025/02/11 18:00:38 [2025-02-11T18:00:38+01:00] Asset: IVVD (Invivyd, Inc. Common Stock), AvgChange: 0.23, DayChange: 0.14, LastPrice: 1.60

2025/02/11 18:00:38 [2025-02-11T18:00:38+01:00] Asset: UOKA (MDJM LTD Ordinary Share), AvgChange: 0.05, DayChange: 0.13, LastPrice: 0.19

2025/02/11 18:00:38 [2025-02-11T18:00:38+01:00] Asset: WINT (Windtree Therapeutics, Inc. Common Stock), AvgChange: 0.07, DayChange: 0.32, LastPrice: 0.17

2025/02/11 18:00:38 [2025-02-11T18:00:38+01:00] Asset: PMCB (PharmaCyte Biotech, Inc. Common Stock), AvgChange: 0.00, DayChange: 0.15, LastPrice: 1.76

2025/02/11 18:00:38 [2025-02-11T18:00:38+01:00] Asset: DGLY (Digital Ally, Inc. Common Stock), AvgChange: 0.07, DayChange: 0.14, LastPrice: 0.16

2025/02/11 18:00:38 [2025-02-11T18:00:38+01:00] Asset: FEMY (Femasys Inc. Common Stock), AvgChange: 0.02, DayChange: 0.14, LastPrice: 1.34

2025/02/11 18:00:38 [2025-02-11T18:00:38+01:00] Asset: NKLA (Nikola Corporation Common Stock), AvgChange: 0.06, DayChange: 0.15, LastPrice: 0.56

2025/02/11 18:16:30 [2025-02-11T18:16:30+01:00] Asset: AVGR (Avinger, Inc. Common Stock), AvgChange: 0.03, DayChange: 0.12, LastPrice: 0.48

2025/02/11 18:16:30 [2025-02-11T18:16:30+01:00] Asset: ZENA (ZenaTech, Inc. Common Stock), AvgChange: 0.03, DayChange: 0.11, LastPrice: 5.65

2025/02/11 18:33:54 [2025-02-11T18:33:54+01:00] Asset: NXU (Nxu, Inc. Class A Common Stock), AvgChange: 0.13, DayChange: 0.18, LastPrice: 0.30

2025/02/11 18:33:54 [2025-02-11T18:33:54+01:00] Asset: CPIX (Cumberland Pharmaceuticals Inc. Common Stock), AvgChange: 0.09, DayChange: 0.14, LastPrice: 5.23

2025/02/11 18:33:54 [2025-02-11T18:33:54+01:00] Asset: HEPA (Hepion Pharmaceuticals, Inc. Common Stock), AvgChange: 0.04, DayChange: 0.17, LastPrice: 0.20

2025/02/11 18:51:57 [2025-02-11T18:51:57+01:00] Asset: MVST (Microvast Holdings, Inc. Common Stock), AvgChange: 0.05, DayChange: 0.10, LastPrice: 1.83

2025/02/11 18:51:57 [2025-02-11T18:51:57+01:00] Asset: AVR (Anteris Technologies Global Corp. Common Stock), AvgChange: 0.01, DayChange: 0.11, LastPrice: 7.62

2025/02/11 18:51:57 [2025-02-11T18:51:57+01:00] Asset: GURE (Gulf Resources, Inc. (NV) Common Stock), AvgChange: 0.00, DayChange: 0.10, LastPrice: 0.78

2025/02/11 18:51:57 [2025-02-11T18:51:57+01:00] Asset: TAOP (Taoping Inc. Ordinary Shares), AvgChange: 0.01, DayChange: 0.11, LastPrice: 0.27

2025/02/11 19:07:25 [2025-02-11T19:07:25+01:00] Asset: PROP (Prairie Operating Co. Common Stock), AvgChange: 0.03, DayChange: 0.12, LastPrice: 8.80

2025/02/11 19:07:25 [2025-02-11T19:07:25+01:00] Asset: RTC (Baijiayun Group Ltd. Class A Ordinary Shares), AvgChange: 0.06, DayChange: 0.10, LastPrice: 0.63

2025/02/11 19:07:25 [2025-02-11T19:07:25+01:00] Asset: YGMZ (MingZhu Logistics Holdings Limited Ordinary Shares), AvgChange: 0.01, DayChange: 0.15, LastPrice: 0.93

2025/02/11 19:07:25 [2025-02-11T19:07:25+01:00] Asset: REFR (Research Frontiers Incorporated Common Stock), AvgChange: 0.01, DayChange: 0.12, LastPrice: 1.56

2025/02/11 19:23:48 [2025-02-11T19:23:48+01:00] Asset: APDN (Applied DNA Sciences, Inc. Common Stock), AvgChange: 0.02, DayChange: 0.10, LastPrice: 0.19

2025/02/11 19:23:48 [2025-02-11T19:23:48+01:00] Asset: LIXT (Lixte Biotechnology Holdings, Inc. Common Stock), AvgChange: 0.01, DayChange: 0.13, LastPrice: 1.89

2025/02/11 19:23:48 [2025-02-11T19:23:48+01:00] Asset: SNAL (Snail, Inc. Class A Common Stock), AvgChange: 0.08, DayChange: 0.15, LastPrice: 3.14

2025/02/11 19:23:48 [2025-02-11T19:23:48+01:00] Asset: ABSI (Absci Corporation Common Stock), AvgChange: 0.05, DayChange: 0.10, LastPrice: 4.72

2025/02/11 19:23:48 [2025-02-11T19:23:48+01:00] Asset: HOWL (Werewolf Therapeutics, Inc. Common Stock), AvgChange: 0.02, DayChange: 0.12, LastPrice: 1.48

2025/02/11 19:35:01 [2025-02-11T19:35:01+01:00] Asset: CNSP (CNS Pharmaceuticals, Inc. Common Stock), AvgChange: 0.03, DayChange: 0.12, LastPrice: 0.12

2025/02/11 19:35:01 [2025-02-11T19:35:01+01:00] Asset: SDST (Stardust Power Inc. Common Stock), AvgChange: 0.10, DayChange: 0.12, LastPrice: 0.76

2025/02/11 19:51:16 [2025-02-11T19:51:16+01:00] Asset: TNYA (Tenaya Therapeutics, Inc. Common Stock), AvgChange: 0.04, DayChange: 0.11, LastPrice: 0.95

2025/02/11 20:52:22 [2025-02-11T20:52:22+01:00] Asset: PNBK (Patriot National Bancorp Inc. Common Stock), AvgChange: 0.02, DayChange: 0.15, LastPrice: 2.28

2025/02/11 20:52:22 [2025-02-11T20:52:22+01:00] Asset: BHIL (Benson Hill, Inc. Common Stock), AvgChange: 0.15, DayChange: 0.10, LastPrice: 1.28

2025/02/11 20:52:22 [2025-02-11T20:52:22+01:00] Asset: TNFA (TNF Pharmaceuticals, Inc. Common Stock), AvgChange: 0.06, DayChange: 0.15, LastPrice: 0.56

2025/02/11 20:52:22 [2025-02-11T20:52:22+01:00] Asset: WNW (Meiwu Technology Company Limited Ordinary Shares), AvgChange: 0.06, DayChange: 0.11, LastPrice: 0.21

2025/02/11 20:52:22 [2025-02-11T20:52:22+01:00] Asset: UCAR (U Power Limited Class A Ordinary Shares), AvgChange: 0.08, DayChange: 0.11, LastPrice: 3.60

2025/02/11 20:52:22 [2025-02-11T20:52:22+01:00] Asset: ABLV (Able View Global Inc. Class B Ordinary Shares), AvgChange: 0.00, DayChange: 0.19, LastPrice: 1.58

2025/02/11 20:52:22 [2025-02-11T20:52:22+01:00] Asset: EGHT (8x8 Inc Common Stock), AvgChange: 0.03, DayChange: 0.11, LastPrice: 3.04

2025/02/11 20:52:22 [2025-02-11T20:52:22+01:00] Asset: XNET (Xunlei Limited American Depositary Shares), AvgChange: 0.03, DayChange: 0.10, LastPrice: 3.19

2025/02/11 21:06:28 [2025-02-11T21:06:28+01:00] Asset: ASST (Asset Entities Inc. Class B Common Stock), AvgChange: 0.10, DayChange: 0.10, LastPrice: 0.67

2025/02/11 21:06:28 [2025-02-11T21:06:28+01:00] Asset: GMHS (Gamehaus Holdings Inc. Class A Ordinary Shares), AvgChange: 0.05, DayChange: 0.10, LastPrice: 1.70

2025/02/11 21:06:28 [2025-02-11T21:06:28+01:00] Asset: MPAA (Motorcar Parts  of America, Inc. Common Stock), AvgChange: 0.03, DayChange: 0.11, LastPrice: 6.99

2025/02/11 21:06:28 [2025-02-11T21:06:28+01:00] Asset: OCX (Oncocyte Corporation Common Stock), AvgChange: 0.02, DayChange: 0.16, LastPrice: 2.50

2025/02/11 21:37:04 [2025-02-11T21:37:04+01:00] Asset: EQ (Equillium, Inc. Common Stock), AvgChange: 0.03, DayChange: 0.11, LastPrice: 0.87

2025/02/11 21:37:04 [2025-02-11T21:37:04+01:00] Asset: MGRX (Mangoceuticals, Inc. Common Stock), AvgChange: 0.05, DayChange: 0.11, LastPrice: 4.43

2025/02/11 21:37:04 [2025-02-11T21:37:04+01:00] Asset: SGBX (Safe & Green Holdings Corp. Common Stock), AvgChange: 0.12, DayChange: 0.10, LastPrice: 0.67

2025/02/11 21:37:04 [2025-02-11T21:37:04+01:00] Asset: UPC (Universe Pharmaceuticals Inc. Ordinary Shares), AvgChange: 0.05, DayChange: 0.22, LastPrice: 0.20

2025/02/11 21:37:04 [2025-02-11T21:37:04+01:00] Asset: VSTE (Vast Renewables Limited Ordinary Shares), AvgChange: 0.02, DayChange: 0.13, LastPrice: 0.93

2025/02/11 21:37:04 [2025-02-11T21:37:04+01:00] Asset: PZZA (Papa John's International, Inc. Common Stock), AvgChange: 0.02, DayChange: 0.10, LastPrice: 42.30

2025/02/11 21:53:10 [2025-02-11T21:53:10+01:00] Asset: BEAGR (Bold Eagle Acquisition Corp. Right), AvgChange: 0.01, DayChange: 0.11, LastPrice: 0.29

2025/02/11 22:08:41 [2025-02-11T22:08:41+01:00] Asset: NCI (Neo-Concept International Group Holdings Limited Ordinary Shares), AvgChange: 0.01, DayChange: 0.11, LastPrice: 0.54

2025/02/11 22:08:41 [2025-02-11T22:08:41+01:00] Asset: AUUD (Auddia Inc. Common Stock), AvgChange: 0.01, DayChange: 0.17, LastPrice: 0.45

2025/02/11 22:08:41 [2025-02-11T22:08:41+01:00] Asset: KDLY (Kindly MD, Inc. Common Stock), AvgChange: 0.02, DayChange: 0.11, LastPrice: 1.46

2025/02/11 22:08:41 [2025-02-11T22:08:41+01:00] Asset: CMRX (Chimerix, Inc. Common Stock), AvgChange: 0.02, DayChange: 0.10, LastPrice: 4.37

2025/02/11 22:08:41 [2025-02-11T22:08:41+01:00] Asset: ESOA (Energy Services of America Corporation Common Stock), AvgChange: 0.05, DayChange: 0.11, LastPrice: 10.02

2025/02/12 16:01:31 [2025-02-12T16:01:31+01:00] Asset: PGY (Pagaya Technologies Ltd. Class A Ordinary Shares), AvgChange: 0.03, DayChange: 0.11, LastPrice: 11.97

2025/02/12 16:01:31 [2025-02-12T16:01:31+01:00] Asset: PRZO (ParaZero Technologies Ltd. Ordinary Shares), AvgChange: 0.03, DayChange: 0.11, LastPrice: 1.35

2025/02/12 16:01:31 [2025-02-12T16:01:31+01:00] Asset: BFRG (Bullfrog AI Holdings, Inc. Common Stock), AvgChange: 0.04, DayChange: 0.13, LastPrice: 3.20

2025/02/12 16:01:31 [2025-02-12T16:01:31+01:00] Asset: INBS (Intelligent Bio Solutions Inc. Common Stock), AvgChange: 0.04, DayChange: 0.12, LastPrice: 2.35

2025/02/12 16:01:31 [2025-02-12T16:01:31+01:00] Asset: INLF (INLIF LIMITED Ordinary Shares), AvgChange: 0.03, DayChange: 0.10, LastPrice: 5.21

2025/02/12 16:01:31 [2025-02-12T16:01:31+01:00] Asset: TIVC (Tivic Health Systems, Inc. Common Stock), AvgChange: 0.00, DayChange: 0.15, LastPrice: 0.44

2025/02/12 16:01:31 [2025-02-12T16:01:31+01:00] Asset: YOSH (Yoshiharu Global Co. Class A Common Stock), AvgChange: 0.09, DayChange: 0.11, LastPrice: 10.81

2025/02/12 16:01:31 [2025-02-12T16:01:31+01:00] Asset: MNDR (Mobile-health Network Solutions Class A Ordinary Shares), AvgChange: 0.03, DayChange: 0.16, LastPrice: 0.33

2025/02/12 16:01:31 [2025-02-12T16:01:31+01:00] Asset: HOLO (MicroCloud Hologram Inc. Ordinary Shares), AvgChange: 0.06, DayChange: 0.10, LastPrice: 1.35

2025/02/12 16:01:31 [2025-02-12T16:01:31+01:00] Asset: FTEL (Fitell Corporation Ordinary Shares), AvgChange: 0.11, DayChange: 0.12, LastPrice: 0.92

2025/02/12 16:01:31 [2025-02-12T16:01:31+01:00] Asset: LYFT (Lyft, Inc. Class A Common Stock), AvgChange: 0.02, DayChange: 0.11, LastPrice: 13.63

2025/02/12 16:01:31 [2025-02-12T16:01:31+01:00] Asset: ANAB (AnaptysBio, Inc. Common Stock), AvgChange: 0.04, DayChange: 0.24, LastPrice: 15.55

2025/02/12 16:01:31 [2025-02-12T16:01:31+01:00] Asset: CPSH (CPS Technologies Corp. Common Stock), AvgChange: 0.00, DayChange: 0.12, LastPrice: 2.25

2025/02/12 16:01:31 [2025-02-12T16:01:31+01:00] Asset: EH (EHang Holdings Limited ADS), AvgChange: 0.03, DayChange: 0.15, LastPrice: 24.21

2025/02/12 16:01:31 [2025-02-12T16:01:31+01:00] Asset: LTBR (Lightbridge Corporation Common Stock), AvgChange: 0.13, DayChange: 0.21, LastPrice: 12.65

2025/02/12 16:05:06 [2025-02-12T16:05:06+01:00] Asset: THRD (Third Harmonic Bio, Inc. Common Stock), AvgChange: 0.03, DayChange: 0.11, LastPrice: 3.75

2025/02/12 16:24:02 [2025-02-12T16:24:02+01:00] Asset: BACK (IMAC Holdings, Inc. Common Stock), AvgChange: 0.13, DayChange: 0.12, LastPrice: 0.62

2025/02/12 16:24:02 [2025-02-12T16:24:02+01:00] Asset: OPEN (Opendoor Technologies Inc Common Stock), AvgChange: 0.03, DayChange: 0.11, LastPrice: 1.47

2025/02/12 16:42:03 [2025-02-12T16:42:03+01:00] Asset: PDYN (Palladyne AI Corp. Common Stock), AvgChange: 0.05, DayChange: 0.12, LastPrice: 11.09

2025/02/12 16:42:03 [2025-02-12T16:42:03+01:00] Asset: APTO (Aptose Biosciences, Inc. Common Shares), AvgChange: 0.02, DayChange: 0.12, LastPrice: 0.23

2025/02/12 16:42:03 [2025-02-12T16:42:03+01:00] Asset: TSBX (Turnstone Biologics Corp. Common Stock), AvgChange: 0.02, DayChange: 0.10, LastPrice: 0.41

2025/02/12 16:42:03 [2025-02-12T16:42:03+01:00] Asset: ZCAR (Zoomcar Holdings, Inc. Common Stock), AvgChange: 0.05, DayChange: 0.10, LastPrice: 1.29

2025/02/12 16:42:03 [2025-02-12T16:42:03+01:00] Asset: SPGC (Sacks Parente Golf, Inc. Common Stock), AvgChange: 0.14, DayChange: 0.21, LastPrice: 0.61

2025/02/12 16:42:03 [2025-02-12T16:42:03+01:00] Asset: PGEN (Precigen, Inc. Common Stock), AvgChange: 0.04, DayChange: 0.10, LastPrice: 1.91

2025/02/12 16:42:03 [2025-02-12T16:42:03+01:00] Asset: ANGI (Angi Inc. Class A Common Stock), AvgChange: 0.02, DayChange: 0.11, LastPrice: 2.04

2025/02/12 16:42:03 [2025-02-12T16:42:03+01:00] Asset: IQ (iQIYI, Inc. American Depositary Shares), AvgChange: 0.03, DayChange: 0.10, LastPrice: 2.54

2025/02/12 16:53:42 [2025-02-12T16:53:42+01:00] Asset: SIFY (Sify Technologies Limited American Depositary Shares), AvgChange: 0.02, DayChange: 0.11, LastPrice: 4.16

2025/02/12 16:53:42 [2025-02-12T16:53:42+01:00] Asset: CFLT (Confluent, Inc. Class A Common Stock), AvgChange: 0.02, DayChange: 0.10, LastPrice: 36.09

2025/02/12 16:53:42 [2025-02-12T16:53:42+01:00] Asset: TIGR (UP Fintech Holding Ltd American Depositary Share representing fifteen Class A Ordinary Shares), AvgChange: 0.03, DayChange: 0.12, LastPrice: 8.56

2025/02/12 16:54:06 [2025-02-12T16:54:06+01:00] Asset: PRME (Prime Medicine, Inc. Common Stock), AvgChange: 0.03, DayChange: 0.10, LastPrice: 2.49

2025/02/12 16:54:06 [2025-02-12T16:54:06+01:00] Asset: AIMD (Ainos, Inc. Common Stock), AvgChange: 0.03, DayChange: 0.10, LastPrice: 0.65

2025/02/12 16:54:06 [2025-02-12T16:54:06+01:00] Asset: LRHC (La Rosa Holdings Corp. Common Stock), AvgChange: 0.09, DayChange: 0.12, LastPrice: 0.29

2025/02/12 16:55:03 [2025-02-12T16:55:03+01:00] Asset: INMB (INmune Bio Inc. Common stock), AvgChange: 0.06, DayChange: 0.11, LastPrice: 9.45

2025/02/12 16:55:03 [2025-02-12T16:55:03+01:00] Asset: SPHL (Springview Holdings Ltd Class A Ordinary Shares), AvgChange: 0.07, DayChange: 0.22, LastPrice: 1.97

2025/02/12 16:56:01 [2025-02-12T16:56:01+01:00] Asset: APPS (Digital Turbine, Inc. Common Stock), AvgChange: 0.08, DayChange: 0.10, LastPrice: 5.87

2025/02/12 16:56:01 [2025-02-12T16:56:01+01:00] Asset: STAA (STAAR Surgical Company Common Stock), AvgChange: 0.02, DayChange: 0.11, LastPrice: 16.02

2025/02/12 16:57:05 [2025-02-12T16:57:05+01:00] Asset: PMEC (Primech Holdings Ltd. Ordinary Shares), AvgChange: 0.01, DayChange: 0.10, LastPrice: 0.87

2025/02/12 16:59:06 [2025-02-12T16:59:06+01:00] Asset: REKR (Rekor Systems, Inc. Common Stock), AvgChange: 0.06, DayChange: 0.11, LastPrice: 2.16

2025/02/12 17:08:03 [2025-02-12T17:08:03+01:00] Asset: YHC (LQR House Inc. Common Stock), AvgChange: 0.02, DayChange: 0.14, LastPrice: 0.98

2025/02/12 17:09:06 [2025-02-12T17:09:06+01:00] Asset: MYNA (Mynaric AG American Depository Shares), AvgChange: 0.03, DayChange: 0.13, LastPrice: 0.38

2025/02/12 17:09:06 [2025-02-12T17:09:06+01:00] Asset: TSSI (TSS, Inc. Common Stock), AvgChange: 0.05, DayChange: 0.10, LastPrice: 14.79

2025/02/12 17:10:05 [2025-02-12T17:10:05+01:00] Asset: RETO (ReTo Eco-Solutions, Inc. Class A Shares), AvgChange: 0.02, DayChange: 0.14, LastPrice: 0.47

2025/02/12 17:16:03 [2025-02-12T17:16:03+01:00] Asset: TCTM (TCTM Kids IT Education Inc. American Depositary Shares), AvgChange: 0.16, DayChange: 0.15, LastPrice: 0.55

2025/02/12 17:19:02 [2025-02-12T17:19:02+01:00] Asset: SATL (Satellogic Inc. Class A Ordinary Shares), AvgChange: 0.04, DayChange: 0.10, LastPrice: 4.21

2025/02/12 17:23:04 [2025-02-12T17:23:04+01:00] Asset: BLDP (Ballard Power Systems, Inc. Common Shares), AvgChange: 0.02, DayChange: 0.10, LastPrice: 1.44

2025/02/12 17:23:04 [2025-02-12T17:23:04+01:00] Asset: VNET (VNET Group, Inc. American Depositary Shares), AvgChange: 0.05, DayChange: 0.10, LastPrice: 11.29

2025/02/12 17:42:03 [2025-02-12T17:42:03+01:00] Asset: RDFN (Redfin Corporation Common Stock), AvgChange: 0.03, DayChange: 0.10, LastPrice: 8.91

2025/02/12 17:49:10 [2025-02-12T17:49:10+01:00] Asset: XLO (Xilio Therapeutics, Inc. Common Stock), AvgChange: 0.02, DayChange: 0.19, LastPrice: 1.59

2025/02/12 17:49:10 [2025-02-12T17:49:10+01:00] Asset: PAL (Proficient Auto Logistics, Inc. Common Stock), AvgChange: 0.05, DayChange: 0.10, LastPrice: 11.18

2025/02/12 17:53:04 [2025-02-12T17:53:04+01:00] Asset: GNSS (Genasys Inc. Common Stock), AvgChange: 0.02, DayChange: 0.11, LastPrice: 3.34

2025/02/12 17:53:04 [2025-02-12T17:53:04+01:00] Asset: INAB (IN8bio, Inc. Common Stock), AvgChange: 0.02, DayChange: 0.11, LastPrice: 0.31

2025/02/12 17:54:02 [2025-02-12T17:54:02+01:00] Asset: SBET (SharpLink Gaming, Inc. Common Stock), AvgChange: 0.05, DayChange: 0.12, LastPrice: 0.54

2025/02/12 17:55:05 [2025-02-12T17:55:05+01:00] Asset: RANI (Rani Therapeutics Holdings, Inc. Class A Common Stock), AvgChange: 0.03, DayChange: 0.11, LastPrice: 1.57

2025/02/12 17:56:03 [2025-02-12T17:56:03+01:00] Asset: EDBL (Edible Garden AG Incorporated Common Stock), AvgChange: 0.06, DayChange: 0.10, LastPrice: 0.18

2025/02/12 18:03:04 [2025-02-12T18:03:04+01:00] Asset: NIVF (NewGenIvf Group Limited Class A Ordinary Shares), AvgChange: 0.08, DayChange: 0.18, LastPrice: 2.45

2025/02/12 18:03:04 [2025-02-12T18:03:04+01:00] Asset: QMCO (Quantum Corporation Common Stock), AvgChange: 0.05, DayChange: 0.10, LastPrice: 19.15

2025/02/12 18:03:04 [2025-02-12T18:03:04+01:00] Asset: GRAL (GRAIL, Inc. Common Stock), AvgChange: 0.07, DayChange: 0.11, LastPrice: 35.62

2025/02/12 18:03:04 [2025-02-12T18:03:04+01:00] Asset: GRRR (Gorilla Technology Group Inc. Ordinary shares), AvgChange: 0.06, DayChange: 0.11, LastPrice: 23.44

2025/02/12 18:03:04 [2025-02-12T18:03:04+01:00] Asset: SEZL (Sezzle Inc. Common Stock), AvgChange: 0.03, DayChange: 0.11, LastPrice: 290.08

2025/02/12 18:06:01 [2025-02-12T18:06:01+01:00] Asset: RGTI (Rigetti Computing, Inc. Common Stock), AvgChange: 0.04, DayChange: 0.10, LastPrice: 12.05

2025/02/12 18:06:01 [2025-02-12T18:06:01+01:00] Asset: GGR (Gogoro Inc. Ordinary Shares), AvgChange: 0.02, DayChange: 0.11, LastPrice: 0.50

2025/02/12 18:11:02 [2025-02-12T18:11:02+01:00] Asset: LITM (Snow Lake Resources Ltd. Common Shares), AvgChange: 0.03, DayChange: 0.13, LastPrice: 0.64

2025/02/12 18:14:01 [2025-02-12T18:14:01+01:00] Asset: LAES (SEALSQ Corp Ordinary Shares), AvgChange: 0.06, DayChange: 0.10, LastPrice: 3.86

2025/02/12 18:21:01 [2025-02-12T18:21:01+01:00] Asset: ZSPC (zSpace, Inc. Common stock), AvgChange: 0.09, DayChange: 0.16, LastPrice: 21.61

2025/02/12 18:23:02 [2025-02-12T18:23:02+01:00] Asset: PONY (Pony AI Inc. American Depositary Shares), AvgChange: 0.02, DayChange: 0.10, LastPrice: 15.59

2025/02/12 18:32:03 [2025-02-12T18:32:03+01:00] Asset: NNE (Nano Nuclear Energy Inc. Common Stock), AvgChange: 0.07, DayChange: 0.10, LastPrice: 34.33

2025/02/12 18:33:01 [2025-02-12T18:33:01+01:00] Asset: CYN (Cyngn Inc. Common Stock), AvgChange: 0.17, DayChange: 0.10, LastPrice: 0.17

2025/02/12 18:43:06 [2025-02-12T18:43:06+01:00] Asset: SFHG (Samfine Creation Holdings Group Limited Ordinary Share), AvgChange: 0.06, DayChange: 0.11, LastPrice: 0.92

2025/02/12 18:45:01 [2025-02-12T18:45:01+01:00] Asset: VUZI (Vuzix Corporation Common Stock), AvgChange: 0.04, DayChange: 0.10, LastPrice: 4.39

2025/02/12 18:46:05 [2025-02-12T18:46:05+01:00] Asset: NKTR (Nektar Therapeutics Common Stock), AvgChange: 0.03, DayChange: 0.10, LastPrice: 0.72

2025/02/12 18:47:03 [2025-02-12T18:47:03+01:00] Asset: HOOK (HOOKIPA Pharma Inc. Common Stock), AvgChange: 0.02, DayChange: 0.10, LastPrice: 1.85

2025/02/12 18:49:04 [2025-02-12T18:49:04+01:00] Asset: OCTO (Eightco Holdings Inc. Common Stock), AvgChange: 0.02, DayChange: 0.12, LastPrice: 1.81

2025/02/12 18:50:02 [2025-02-12T18:50:02+01:00] Asset: HYMC (Hycroft Mining Holding Corporation Class A Common Stock), AvgChange: 0.02, DayChange: 0.10, LastPrice: 2.94

2025/02/12 18:51:05 [2025-02-12T18:51:05+01:00] Asset: ATAI (ATAI Life Sciences N.V. Common Shares), AvgChange: 0.08, DayChange: 0.10, LastPrice: 2.38

2025/02/12 19:04:01 [2025-02-12T19:04:01+01:00] Asset: IINN (Inspira Technologies Oxy B.H.N. Ltd. Ordinary Shares), AvgChange: 0.03, DayChange: 0.11, LastPrice: 0.94

2025/02/12 19:06:04 [2025-02-12T19:06:04+01:00] Asset: FBLG (FibroBiologics, Inc. Common Stock), AvgChange: 0.04, DayChange: 0.11, LastPrice: 1.88

2025/02/12 19:07:03 [2025-02-12T19:07:03+01:00] Asset: ACON (Aclarion, Inc. Common Stock), AvgChange: 0.09, DayChange: 0.13, LastPrice: 4.50

2025/02/12 19:28:01 [2025-02-12T19:28:01+01:00] Asset: KGEI (Kolibri Global Energy Inc. Common stock), AvgChange: 0.02, DayChange: 0.10, LastPrice: 8.71

2025/02/12 19:29:06 [2025-02-12T19:29:06+01:00] Asset: GSIW (Garden Stage Limited Ordinary Shares), AvgChange: 0.07, DayChange: 0.10, LastPrice: 0.55

2025/02/12 19:29:06 [2025-02-12T19:29:06+01:00] Asset: STSS (Sharps Technology Inc. Common Stock), AvgChange: 0.07, DayChange: 0.11, LastPrice: 0.35

2025/02/12 19:31:02 [2025-02-12T19:31:02+01:00] Asset: TCBP (TC BioPharm (Holdings) plc American Depositary Shares), AvgChange: 0.08, DayChange: 0.10, LastPrice: 3.71

2025/02/12 19:32:00 [2025-02-12T19:32:00+01:00] Asset: DGNX (Diginex Limited Ordinary Shares), AvgChange: 0.29, DayChange: 0.11, LastPrice: 46.97

2025/02/12 19:35:05 [2025-02-12T19:35:05+01:00] Asset: MASS (908 Devices Inc. Common Stock), AvgChange: 0.05, DayChange: 0.10, LastPrice: 2.60

2025/02/12 19:48:03 [2025-02-12T19:48:03+01:00] Asset: LGVN (Longeveron Inc. Class A Common Stock), AvgChange: 0.03, DayChange: 0.10, LastPrice: 1.61

2025/02/12 19:50:05 [2025-02-12T19:50:05+01:00] Asset: SRM (SRM Entertainment, Inc. Common Stock), AvgChange: 0.01, DayChange: 0.12, LastPrice: 0.35

2025/02/12 19:53:01 [2025-02-12T19:53:01+01:00] Asset: ALTS (ALT5 Sigma Corporation Common Stock), AvgChange: 0.05, DayChange: 0.10, LastPrice: 6.05

2025/02/12 19:53:01 [2025-02-12T19:53:01+01:00] Asset: LGHL (Lion Group Holding Ltd. American Depositary Share), AvgChange: 0.03, DayChange: 0.14, LastPrice: 0.16

2025/02/12 20:18:49 [2025-02-12T20:18:49+01:00] Asset: NAMI (Jinxin Technology Holding Company American Depositary Shares), AvgChange: 0.05, DayChange: 0.11, LastPrice: 4.10

2025/02/12 20:18:49 [2025-02-12T20:18:49+01:00] Asset: NKGN (NKGen Biotech, Inc. Common Stock), AvgChange: 0.01, DayChange: 0.11, LastPrice: 0.55

2025/02/12 20:18:49 [2025-02-12T20:18:49+01:00] Asset: AWH (Aspira Women's Health Inc. Common Stock), AvgChange: 0.03, DayChange: 0.17, LastPrice: 0.32

2025/02/12 20:18:49 [2025-02-12T20:18:49+01:00] Asset: KRNT (Kornit Digital Ltd. Ordinary Shares), AvgChange: 0.01, DayChange: 0.12, LastPrice: 29.03

2025/02/12 20:24:02 [2025-02-12T20:24:02+01:00] Asset: GOSS (Gossamer Bio, Inc. Common Stock), AvgChange: 0.04, DayChange: 0.10, LastPrice: 1.36

2025/02/12 20:28:04 [2025-02-12T20:28:04+01:00] Asset: GRI (GRI Bio, Inc. Common Stock), AvgChange: 0.03, DayChange: 0.13, LastPrice: 0.56

2025/02/12 20:33:05 [2025-02-12T20:33:05+01:00] Asset: STAI (ScanTech AI Systems Inc. Common stock), AvgChange: 0.07, DayChange: 0.13, LastPrice: 1.44

2025/02/12 20:33:05 [2025-02-12T20:33:05+01:00] Asset: PRCH (Porch Group, Inc. Common Stock), AvgChange: 0.02, DayChange: 0.10, LastPrice: 4.99

2025/02/12 20:36:04 [2025-02-12T20:36:04+01:00] Asset: CAPR (Capricor Therapeutics, Inc. Common Stock), AvgChange: 0.02, DayChange: 0.10, LastPrice: 14.64

2025/02/12 20:36:04 [2025-02-12T20:36:04+01:00] Asset: RXRX (Recursion Pharmaceuticals, Inc. Class A Common Stock), AvgChange: 0.04, DayChange: 0.10, LastPrice: 8.21

2025/02/12 20:42:03 [2025-02-12T20:42:03+01:00] Asset: RPID (Rapid Micro Biosystems, Inc. Class A Common Stock), AvgChange: 0.10, DayChange: 0.13, LastPrice: 3.04

2025/02/12 20:44:05 [2025-02-12T20:44:05+01:00] Asset: AQST (Aquestive Therapeutics, Inc. Common Stock), AvgChange: 0.02, DayChange: 0.10, LastPrice: 3.23

2025/02/12 20:45:03 [2025-02-12T20:45:03+01:00] Asset: YYAI (Connexa Sports Technologies Inc. Common Stock), AvgChange: 0.11, DayChange: 0.14, LastPrice: 0.42

2025/02/12 20:58:03 [2025-02-12T20:58:03+01:00] Asset: AMRN (Amarin Corporation plc), AvgChange: 0.03, DayChange: 0.10, LastPrice: 0.57

2025/02/12 20:58:03 [2025-02-12T20:58:03+01:00] Asset: WOK (WORK Medical Technology Group LTD Ordinary Shares), AvgChange: 0.05, DayChange: 0.12, LastPrice: 2.41

2025/02/12 20:58:03 [2025-02-12T20:58:03+01:00] Asset: LNSR (LENSAR, Inc. Common Stock), AvgChange: 0.04, DayChange: 0.11, LastPrice: 11.10

2025/02/12 21:18:44 [2025-02-12T21:18:44+01:00] Asset: HYPR (Hyperfine, Inc. Class A Common Stock), AvgChange: 0.03, DayChange: 0.10, LastPrice: 1.24

2025/02/12 21:34:24 [2025-02-12T21:34:24+01:00] Asset: ZVSA (ZyVersa Therapeutics, Inc. Common Stock), AvgChange: 0.02, DayChange: 0.10, LastPrice: 1.32

2025/02/12 21:34:24 [2025-02-12T21:34:24+01:00] Asset: ARQT (Arcutis Biotherapeutics, Inc. Common Stock), AvgChange: 0.03, DayChange: 0.19, LastPrice: 13.32

2025/02/12 21:34:24 [2025-02-12T21:34:24+01:00] Asset: DSP (Viant Technology Inc. Class A Common Stock), AvgChange: 0.02, DayChange: 0.11, LastPrice: 26.20

2025/02/12 21:37:16 [2025-02-12T21:37:16+01:00] Asset: SHMD (SCHMID Group N.V. Class A Ordinary Shares), AvgChange: 0.03, DayChange: 0.14, LastPrice: 2.99

2025/02/12 21:37:16 [2025-02-12T21:37:16+01:00] Asset: XCH (XCHG Limited American Depositary Share), AvgChange: 0.03, DayChange: 0.11, LastPrice: 1.33

2025/02/12 21:37:16 [2025-02-12T21:37:16+01:00] Asset: INO (Inovio Pharmaceuticals, Inc. Common Stock), AvgChange: 0.02, DayChange: 0.11, LastPrice: 2.11

2025/02/12 21:39:05 [2025-02-12T21:39:05+01:00] Asset: BIVI (BioVie Inc. Class A Common Stock), AvgChange: 0.03, DayChange: 0.12, LastPrice: 1.74

2025/02/12 21:43:04 [2025-02-12T21:43:04+01:00] Asset: SYRS (Syros Pharmaceuticals, Inc. Common Stock), AvgChange: 0.04, DayChange: 0.12, LastPrice: 0.19

2025/02/12 22:02:56 [2025-02-12T22:02:56+01:00] Asset: PRPH (ProPhase Labs, Inc. Common Stock (DE)), AvgChange: 0.08, DayChange: 0.10, LastPrice: 0.29

2025/02/12 22:02:56 [2025-02-12T22:02:56+01:00] Asset: RNTX (Rein Therapeutics, Inc. Common Stock), AvgChange: 0.05, DayChange: 0.10, LastPrice: 2.37

2025/02/12 22:02:56 [2025-02-12T22:02:56+01:00] Asset: GOVX (GeoVax Labs, Inc. Common Stock), AvgChange: 0.03, DayChange: 0.11, LastPrice: 1.74

2025/02/12 22:02:56 [2025-02-12T22:02:56+01:00] Asset: TTNP (Titan Pharmaceuticals, Inc. Common Stock), AvgChange: 0.01, DayChange: 0.12, LastPrice: 4.02

2025/02/12 22:02:56 [2025-02-12T22:02:56+01:00] Asset: XBP (XBP Europe Holdings, Inc. Common Stock), AvgChange: 0.00, DayChange: 0.11, LastPrice: 1.25

2025/02/12 22:02:56 [2025-02-12T22:02:56+01:00] Asset: ZYME (Zymeworks Inc. Common Stock), AvgChange: 0.02, DayChange: 0.11, LastPrice: 14.34

2025/02/13 16:15:56 [2025-02-13T16:15:56+01:00] Asset: OTLY (Oatly Group AB American Depositary Shares), AvgChange: 0.02, DayChange: 0.16, LastPrice: 0.52

2025/02/13 16:15:56 [2025-02-13T16:15:56+01:00] Asset: AMOD (Alpha Modus Holdings, Inc. Class A Common Stock), AvgChange: 0.06, DayChange: 0.40, LastPrice: 4.55

2025/02/13 16:15:56 [2025-02-13T16:15:56+01:00] Asset: EDSA (Edesa Biotech, Inc. Common Shares), AvgChange: 0.03, DayChange: 0.24, LastPrice: 3.79

2025/02/13 16:15:56 [2025-02-13T16:15:56+01:00] Asset: MBRX (Moleculin Biotech, Inc. Common Stock), AvgChange: 0.06, DayChange: 1.75, LastPrice: 1.90

2025/02/13 16:15:56 [2025-02-13T16:15:56+01:00] Asset: AUR (Aurora Innovation, Inc. Class A Common Stock), AvgChange: 0.02, DayChange: 0.19, LastPrice: 8.13

2025/02/13 16:15:56 [2025-02-13T16:15:56+01:00] Asset: CRSR (Corsair Gaming, Inc. Common Stock), AvgChange: 0.02, DayChange: 0.17, LastPrice: 11.88

2025/02/13 16:15:56 [2025-02-13T16:15:56+01:00] Asset: ENTA (Enanta Pharmaceuticals, Inc. Common Stock), AvgChange: 0.02, DayChange: 0.22, LastPrice: 7.66

2025/02/13 16:29:50 [2025-02-13T16:29:50+01:00] Asset: PIII (P3 Health Partners Inc. Class A Common Stock), AvgChange: 0.03, DayChange: 0.17, LastPrice: 0.24

2025/02/13 16:29:50 [2025-02-13T16:29:50+01:00] Asset: AISP (Airship AI Holdings, Inc. Class A Common Stock), AvgChange: 0.05, DayChange: 0.11, LastPrice: 6.34

2025/02/13 16:29:50 [2025-02-13T16:29:50+01:00] Asset: HTZ (Hertz Global Holdings, Inc Common Stock), AvgChange: 0.02, DayChange: 0.10, LastPrice: 4.07

2025/02/13 16:32:04 [2025-02-13T16:32:04+01:00] Asset: DOMH (Dominari Holdings Inc. Common Stock), AvgChange: 0.15, DayChange: 0.14, LastPrice: 9.35

2025/02/13 16:34:05 [2025-02-13T16:34:05+01:00] Asset: PDSB (PDS Biotechnology Corporation Common Stock), AvgChange: 0.03, DayChange: 0.11, LastPrice: 1.45

2025/02/13 16:37:04 [2025-02-13T16:37:04+01:00] Asset: TANH (Tantech Holdings Ltd. Common Shares), AvgChange: 0.03, DayChange: 0.22, LastPrice: 3.99

2025/02/13 16:37:04 [2025-02-13T16:37:04+01:00] Asset: LCID (Lucid Group, Inc. Common Stock), AvgChange: 0.02, DayChange: 0.10, LastPrice: 3.22

2025/02/13 16:39:05 [2025-02-13T16:39:05+01:00] Asset: PLRX (Pliant Therapeutics, Inc. Common Stock), AvgChange: 0.05, DayChange: 0.10, LastPrice: 3.44

2025/02/13 16:43:01 [2025-02-13T16:43:01+01:00] Asset: BZAI (Blaize Holdings, Inc. Common Stock), AvgChange: 0.07, DayChange: 0.14, LastPrice: 3.66

2025/02/13 16:44:04 [2025-02-13T16:44:04+01:00] Asset: INOD (Innodata Inc. Common Stock), AvgChange: 0.02, DayChange: 0.10, LastPrice: 49.73

2025/02/13 16:45:02 [2025-02-13T16:45:02+01:00] Asset: CVGI (Commercial Vehicle Group, Inc. Common Stock), AvgChange: 0.02, DayChange: 0.11, LastPrice: 2.04

2025/02/13 16:49:04 [2025-02-13T16:49:04+01:00] Asset: APLT (Applied Therapeutics, Inc. Common Stock), AvgChange: 0.03, DayChange: 0.12, LastPrice: 0.62

2025/02/13 16:50:02 [2025-02-13T16:50:02+01:00] Asset: MNTS (Momentus Inc. Class A Common Stock), AvgChange: 0.05, DayChange: 0.13, LastPrice: 3.86

2025/02/13 16:50:02 [2025-02-13T16:50:02+01:00] Asset: SEDG (SolarEdge Technologies, Inc. Common Stock), AvgChange: 0.03, DayChange: 0.10, LastPrice: 14.80

2025/02/13 16:56:05 [2025-02-13T16:56:05+01:00] Asset: MATH (Metalpha Technology Holding Limited Ordinary Shares), AvgChange: 0.00, DayChange: 0.11, LastPrice: 2.27

2025/02/13 17:01:04 [2025-02-13T17:01:04+01:00] Asset: CDIO (Cardio Diagnostics Holdings Inc. Common stock), AvgChange: 0.05, DayChange: 0.13, LastPrice: 0.61

2025/02/13 17:06:04 [2025-02-13T17:06:04+01:00] Asset: BROG (Brooge Energy Limited Ordinary Shares), AvgChange: 0.00, DayChange: 0.11, LastPrice: 1.27

2025/02/13 17:06:04 [2025-02-13T17:06:04+01:00] Asset: KYTX (Kyverna Therapeutics, Inc. Common Stock), AvgChange: 0.03, DayChange: 0.10, LastPrice: 3.03

2025/02/13 17:08:05 [2025-02-13T17:08:05+01:00] Asset: FFIE (Faraday Future Intelligent Electric Inc. Class A Common Stock), AvgChange: 0.06, DayChange: 0.10, LastPrice: 1.62

2025/02/13 17:18:03 [2025-02-13T17:18:03+01:00] Asset: SURG (SurgePays, Inc. Common Stock), AvgChange: 0.02, DayChange: 0.10, LastPrice: 1.54

2025/02/13 17:19:01 [2025-02-13T17:19:01+01:00] Asset: PVLA (Palvella Therapeutics, Inc. Common Stock), AvgChange: 0.01, DayChange: 0.11, LastPrice: 18.74

2025/02/13 17:24:05 [2025-02-13T17:24:05+01:00] Asset: BSLK (Bolt Projects Holdings, Inc. Common Stock), AvgChange: 0.03, DayChange: 0.12, LastPrice: 0.38

2025/02/13 17:26:01 [2025-02-13T17:26:01+01:00] Asset: BTBD (BT Brands, Inc. Common Stock), AvgChange: 0.00, DayChange: 0.18, LastPrice: 1.93

2025/02/13 17:49:02 [2025-02-13T17:49:02+01:00] Asset: CYTH (Cyclo Therapeutics, Inc. Common Stock), AvgChange: 0.02, DayChange: 0.11, LastPrice: 1.01

2025/02/13 18:00:02 [2025-02-13T18:00:02+01:00] Asset: GIFT (Giftify, Inc. Common Stock), AvgChange: 0.01, DayChange: 0.11, LastPrice: 1.47

2025/02/13 18:36:10 [2025-02-13T18:36:10+01:00] Asset: ABAT (American Battery Technology Company Common Stock), AvgChange: 0.05, DayChange: 0.12, LastPrice: 1.32

2025/02/13 18:36:10 [2025-02-13T18:36:10+01:00] Asset: CELZ (Creative Medical Technology Holdings, Inc. Common Stock), AvgChange: 0.05, DayChange: 0.17, LastPrice: 5.12

2025/02/13 18:36:10 [2025-02-13T18:36:10+01:00] Asset: MAXN (Maxeon Solar Technologies, Ltd. Ordinary Shares), AvgChange: 0.02, DayChange: 0.10, LastPrice: 5.47

2025/02/13 18:36:10 [2025-02-13T18:36:10+01:00] Asset: SPAI (Safe Pro Group Inc. Common Stock), AvgChange: 0.04, DayChange: 0.22, LastPrice: 3.60

2025/02/13 18:36:10 [2025-02-13T18:36:10+01:00] Asset: TNMG (TNL Mediagene Ordinary Shares), AvgChange: 0.04, DayChange: 0.29, LastPrice: 3.09

2025/02/13 18:36:10 [2025-02-13T18:36:10+01:00] Asset: WKHS (Workhorse Group, Inc. Common Stock), AvgChange: 0.04, DayChange: 0.11, LastPrice: 0.58

2025/02/13 18:36:10 [2025-02-13T18:36:10+01:00] Asset: SLDB (Solid Biosciences Inc. Common Stock), AvgChange: 0.03, DayChange: 0.12, LastPrice: 4.05

2025/02/13 18:51:29 [2025-02-13T18:51:29+01:00] Asset: ASTS (AST SpaceMobile, Inc. Class A Common Stock), AvgChange: 0.06, DayChange: 0.10, LastPrice: 30.40

2025/02/13 19:09:16 [2025-02-13T19:09:16+01:00] Asset: ROOT (Root, Inc. Class A Common Stock), AvgChange: 0.04, DayChange: 0.11, LastPrice: 135.60

2025/02/13 19:26:49 [2025-02-13T19:26:49+01:00] Asset: EHTH (eHealth, Inc. Common Stock), AvgChange: 0.02, DayChange: 0.11, LastPrice: 10.82

2025/02/13 19:26:49 [2025-02-13T19:26:49+01:00] Asset: JL (J-Long Group Limited Ordinary Shares), AvgChange: 0.11, DayChange: 0.16, LastPrice: 4.10

2025/02/13 19:26:49 [2025-02-13T19:26:49+01:00] Asset: GPRE (Green Plains Inc. Common Stock), AvgChange: 0.03, DayChange: 0.14, LastPrice: 7.02

2025/02/13 19:27:01 [2025-02-13T19:27:01+01:00] Asset: SMCI (Super Micro Computer, Inc. Common Stock), AvgChange: 0.03, DayChange: 0.10, LastPrice: 42.93

2025/02/13 19:44:54 [2025-02-13T19:44:54+01:00] Asset: RLMD (Relmada Therapeutics, Inc. Common Stock), AvgChange: 0.06, DayChange: 0.12, LastPrice: 0.34

2025/02/13 19:44:54 [2025-02-13T19:44:54+01:00] Asset: LAZR (Luminar Technologies, Inc. Class A Common Stock), AvgChange: 0.03, DayChange: 0.12, LastPrice: 6.29

2025/02/13 20:52:58 [2025-02-13T20:52:58+01:00] Asset: ARBK (Argo Blockchain plc American Depositary Shares), AvgChange: 0.03, DayChange: 0.10, LastPrice: 0.51

2025/02/13 20:52:58 [2025-02-13T20:52:58+01:00] Asset: ATOM (Atomera Incorporated Common Stock), AvgChange: 0.05, DayChange: 0.17, LastPrice: 6.26

2025/02/13 20:52:58 [2025-02-13T20:52:58+01:00] Asset: HYFM (Hydrofarm Holdings Group, Inc. Common Stock), AvgChange: 0.01, DayChange: 0.19, LastPrice: 6.40

2025/02/13 20:52:58 [2025-02-13T20:52:58+01:00] Asset: SERV (Serve Robotics Inc. Common Stock), AvgChange: 0.04, DayChange: 0.12, LastPrice: 22.41

2025/02/13 20:52:58 [2025-02-13T20:52:58+01:00] Asset: WLDS (Wearable Devices Ltd. Ordinary Share), AvgChange: 0.04, DayChange: 0.12, LastPrice: 0.93

2025/02/13 20:52:58 [2025-02-13T20:52:58+01:00] Asset: MYGN (Myriad Genetics, Inc. Common Stock), AvgChange: 0.02, DayChange: 0.11, LastPrice: 14.59

2025/02/13 20:52:58 [2025-02-13T20:52:58+01:00] Asset: PSNL (Personalis, Inc. Common Stock), AvgChange: 0.04, DayChange: 0.12, LastPrice: 5.08

2025/02/13 20:52:58 [2025-02-13T20:52:58+01:00] Asset: PTON (Peloton Interactive, Inc. Class A Common Stock), AvgChange: 0.02, DayChange: 0.11, LastPrice: 10.14

2025/02/13 20:52:58 [2025-02-13T20:52:58+01:00] Asset: RMNI (Rimini Street, Inc. (DE) Common Stock), AvgChange: 0.02, DayChange: 0.13, LastPrice: 3.34

2025/02/13 20:52:58 [2025-02-13T20:52:58+01:00] Asset: GEOS (Geospace Technologies Corporation Common Stock (Texas)), AvgChange: 0.02, DayChange: 0.10, LastPrice: 9.25

2025/02/13 20:52:58 [2025-02-13T20:52:58+01:00] Asset: SMMT (Summit Therapeutics Inc. Common Stock), AvgChange: 0.03, DayChange: 0.11, LastPrice: 21.89

2025/02/13 20:52:58 [2025-02-13T20:52:58+01:00] Asset: TIL (Instil Bio, Inc. Common Stock), AvgChange: 0.05, DayChange: 0.13, LastPrice: 22.39

2025/02/13 21:03:22 [2025-02-13T21:03:22+01:00] Asset: BLUE (bluebird bio, Inc. Common Stock), AvgChange: 0.04, DayChange: 0.12, LastPrice: 7.26

2025/02/13 21:03:22 [2025-02-13T21:03:22+01:00] Asset: INTJ (Intelligent Group Limited Ordinary Shares), AvgChange: 0.01, DayChange: 0.15, LastPrice: 0.96

2025/02/13 21:20:24 [2025-02-13T21:20:24+01:00] Asset: PMAX (Powell Max Limited Class A Ordinary Shares), AvgChange: 0.06, DayChange: 0.11, LastPrice: 0.48

2025/02/13 21:20:24 [2025-02-13T21:20:24+01:00] Asset: CURR (Currenc Group Inc. Ordinary Shares), AvgChange: 0.03, DayChange: 0.12, LastPrice: 1.53

2025/02/13 21:20:24 [2025-02-13T21:20:24+01:00] Asset: FAAS (DigiAsia Corp. Ordinary Shares), AvgChange: 0.07, DayChange: 0.14, LastPrice: 0.58

2025/02/13 21:20:24 [2025-02-13T21:20:24+01:00] Asset: GV (Visionary Holdings Inc. Common Shares), AvgChange: 0.02, DayChange: 0.18, LastPrice: 1.70

2025/02/13 21:20:24 [2025-02-13T21:20:24+01:00] Asset: SUNE (SUNation Energy, Inc. Common Stock), AvgChange: 0.03, DayChange: 0.14, LastPrice: 1.33

2025/02/13 21:20:24 [2025-02-13T21:20:24+01:00] Asset: VLCN (Volcon, Inc. Common stock), AvgChange: 0.06, DayChange: 0.10, LastPrice: 1.24

2025/02/13 21:20:24 [2025-02-13T21:20:24+01:00] Asset: STBX (Starbox Group Holdings Ltd. Class A Ordinary Shares), AvgChange: 0.11, DayChange: 0.11, LastPrice: 0.25

2025/02/13 21:20:24 [2025-02-13T21:20:24+01:00] Asset: OPRX (OptimizeRx Corporation Common Stock), AvgChange: 0.02, DayChange: 0.11, LastPrice: 6.17

2025/02/13 21:20:24 [2025-02-13T21:20:24+01:00] Asset: ACIU (AC Immune SA Common Stock), AvgChange: 0.02, DayChange: 0.11, LastPrice: 2.67

2025/02/13 21:37:17 [2025-02-13T21:37:17+01:00] Asset: PACB (Pacific Biosciences of California, Inc. Common Stock), AvgChange: 0.04, DayChange: 0.10, LastPrice: 1.51

2025/02/13 21:37:17 [2025-02-13T21:37:17+01:00] Asset: ALLK (Allakos Inc. Common Stock), AvgChange: 0.04, DayChange: 0.10, LastPrice: 0.29

2025/02/13 21:37:17 [2025-02-13T21:37:17+01:00] Asset: CEAD (CEA Industries Inc. Common Stock), AvgChange: 0.00, DayChange: 0.24, LastPrice: 10.67

2025/02/13 21:37:17 [2025-02-13T21:37:17+01:00] Asset: HCWB (HCW Biologics Inc. Common Stock), AvgChange: 0.06, DayChange: 0.13, LastPrice: 0.42

2025/02/13 21:37:17 [2025-02-13T21:37:17+01:00] Asset: HWBK (Hawthorn Bancshares, Inc. Common Stock), AvgChange: 0.00, DayChange: 0.10, LastPrice: 35.85

2025/02/13 21:37:17 [2025-02-13T21:37:17+01:00] Asset: VEEA (Veea Inc. Common Stock), AvgChange: 0.02, DayChange: 0.11, LastPrice: 2.94

2025/02/13 21:37:17 [2025-02-13T21:37:17+01:00] Asset: ZYBT (Zhengye Biotechnology Holding Limited Ordinary Shares), AvgChange: 0.02, DayChange: 0.16, LastPrice: 5.02

2025/02/13 21:37:17 [2025-02-13T21:37:17+01:00] Asset: ATEX (Anterix Inc. Common Stock), AvgChange: 0.01, DayChange: 0.10, LastPrice: 40.59

2025/02/13 21:37:17 [2025-02-13T21:37:17+01:00] Asset: ADPT (Adaptive Biotechnologies Corporation Common Stock), AvgChange: 0.03, DayChange: 0.10, LastPrice: 8.40

2025/02/13 21:52:44 [2025-02-13T21:52:44+01:00] Asset: RR (Richtech Robotics Inc. Class B Common Stock), AvgChange: 0.06, DayChange: 0.11, LastPrice: 3.12

2025/02/13 21:52:44 [2025-02-13T21:52:44+01:00] Asset: GLYC (GlycoMimetics, Inc. Common Stock), AvgChange: 0.02, DayChange: 0.11, LastPrice: 0.28

2025/02/13 21:52:44 [2025-02-13T21:52:44+01:00] Asset: FHTX (Foghorn Therapeutics Inc. Common Stock), AvgChange: 0.05, DayChange: 0.12, LastPrice: 6.28

2025/02/13 21:52:44 [2025-02-13T21:52:44+01:00] Asset: GOGO (Gogo Inc. Common Stock), AvgChange: 0.02, DayChange: 0.10, LastPrice: 8.54

2025/02/13 22:04:24 [2025-02-13T22:04:24+01:00] Asset: MSW (Ming Shing Group Holdings Limited Ordinary Shares), AvgChange: 0.03, DayChange: 0.16, LastPrice: 3.50

2025/02/13 22:04:24 [2025-02-13T22:04:24+01:00] Asset: RDZN (Roadzen, Inc. Ordinary Shares), AvgChange: 0.04, DayChange: 0.13, LastPrice: 1.48

2025/02/13 22:04:24 [2025-02-13T22:04:24+01:00] Asset: GDHG (Golden Heaven Group Holdings Ltd. Class A Ordinary Shares), AvgChange: 0.07, DayChange: 0.11, LastPrice: 1.16

2025/02/13 22:04:24 [2025-02-13T22:04:24+01:00] Asset: MHLD (Maiden Holdings, Ltd.), AvgChange: 0.03, DayChange: 0.12, LastPrice: 1.04

2025/02/14 15:31:02 [2025-02-14T15:31:02+01:00] Asset: WRD (WeRide Inc. American Depositary Shares), AvgChange: 0.02, DayChange: 0.14, LastPrice: 40.41

2025/02/14 15:34:04 [2025-02-14T15:34:04+01:00] Asset: ALLO (Allogene Therapeutics, Inc. Common Stock), AvgChange: 0.03, DayChange: 0.10, LastPrice: 1.69

2025/02/14 15:55:00 [2025-02-14T15:55:00+01:00] Asset: JTAI (Jet.AI Inc. Common Stock), AvgChange: 0.04, DayChange: 0.22, LastPrice: 7.12

2025/02/14 15:55:00 [2025-02-14T15:55:00+01:00] Asset: PWM (Prestige Wealth Inc. Class A Ordinary Shares), AvgChange: 0.09, DayChange: 0.11, LastPrice: 1.24

2025/02/14 15:55:00 [2025-02-14T15:55:00+01:00] Asset: ARCT (Arcturus Therapeutics Holdings Inc. Common Stock), AvgChange: 0.04, DayChange: 0.11, LastPrice: 18.27

2025/02/14 15:55:00 [2025-02-14T15:55:00+01:00] Asset: BEAM (Beam Therapeutics Inc. Common Stock), AvgChange: 0.03, DayChange: 0.14, LastPrice: 33.35

2025/02/14 15:55:00 [2025-02-14T15:55:00+01:00] Asset: CRSP (CRISPR Therapeutics AG Common Shares), AvgChange: 0.02, DayChange: 0.11, LastPrice: 51.45

2025/02/14 15:55:00 [2025-02-14T15:55:00+01:00] Asset: EDIT (Editas Medicine, Inc. Common Stock), AvgChange: 0.04, DayChange: 0.11, LastPrice: 1.42

2025/02/14 15:55:00 [2025-02-14T15:55:00+01:00] Asset: UDMY (Udemy, Inc. Common Stock), AvgChange: 0.02, DayChange: 0.10, LastPrice: 9.45

2025/02/14 16:10:05 [2025-02-14T16:10:05+01:00] Asset: XHG (XChange TEC.INC American Depositary Shares), AvgChange: 0.01, DayChange: 0.10, LastPrice: 0.87

2025/02/14 16:10:05 [2025-02-14T16:10:05+01:00] Asset: FATE (Fate Therapeutics, Inc. Common Stock), AvgChange: 0.03, DayChange: 0.10, LastPrice: 1.48

2025/02/14 16:12:06 [2025-02-14T16:12:06+01:00] Asset: GT (The Goodyear Tire & Rubber Company Common Stock), AvgChange: 0.01, DayChange: 0.10, LastPrice: 9.87

2025/02/14 16:22:05 [2025-02-14T16:22:05+01:00] Asset: DATS (DatChat, Inc. Common Stock), AvgChange: 0.05, DayChange: 0.10, LastPrice: 2.87

2025/02/14 16:26:19 [2025-02-14T16:26:19+01:00] Asset: MNMD (Mind Medicine (MindMed) Inc. Common Shares), AvgChange: 0.05, DayChange: 0.10, LastPrice: 10.11

2025/02/14 16:33:01 [2025-02-14T16:33:01+01:00] Asset: MAZE (Maze Therapeutics, Inc. Common Stock), AvgChange: 0.06, DayChange: 0.12, LastPrice: 12.85

2025/02/14 16:52:13 [2025-02-14T16:52:13+01:00] Asset: OM (Outset Medical, Inc. Common Stock), AvgChange: 0.03, DayChange: 0.13, LastPrice: 0.95

2025/02/14 16:52:13 [2025-02-14T16:52:13+01:00] Asset: GCTK (GlucoTrack, Inc. Common Stock), AvgChange: 0.08, DayChange: 0.14, LastPrice: 0.58

2025/02/14 16:52:13 [2025-02-14T16:52:13+01:00] Asset: GXAI (Gaxos.ai Inc. Common Stock), AvgChange: 0.04, DayChange: 0.11, LastPrice: 1.78

2025/02/14 16:52:13 [2025-02-14T16:52:13+01:00] Asset: IBRX (ImmunityBio, Inc. Common Stock), AvgChange: 0.02, DayChange: 0.12, LastPrice: 3.83

2025/02/14 16:52:13 [2025-02-14T16:52:13+01:00] Asset: OMH (Ohmyhome Limited Ordinary Shares), AvgChange: 0.00, DayChange: 0.16, LastPrice: 0.44

2025/02/14 16:52:13 [2025-02-14T16:52:13+01:00] Asset: STIM (Neuronetics, Inc. Common Stock), AvgChange: 0.07, DayChange: 0.10, LastPrice: 4.44

2025/02/14 16:52:13 [2025-02-14T16:52:13+01:00] Asset: VERV (Verve Therapeutics, Inc. Common Stock), AvgChange: 0.03, DayChange: 0.11, LastPrice: 8.71

2025/02/14 16:53:26 [2025-02-14T16:53:26+01:00] Asset: APLD (Applied Digital Corporation Common Stock), AvgChange: 0.06, DayChange: 0.11, LastPrice: 9.22

2025/02/14 17:00:05 [2025-02-14T17:00:05+01:00] Asset: SANA (Sana Biotechnology, Inc. Common Stock), AvgChange: 0.04, DayChange: 0.10, LastPrice: 3.15

2025/02/14 17:07:04 [2025-02-14T17:07:04+01:00] Asset: KLTO (Klotho Neurosciences, Inc. Common Stock), AvgChange: 0.01, DayChange: 0.16, LastPrice: 0.43

2025/02/14 17:09:06 [2025-02-14T17:09:06+01:00] Asset: MSAI (MultiSensor AI Holdings, Inc. Common Stock), AvgChange: 0.02, DayChange: 0.12, LastPrice: 1.49

2025/02/14 17:21:02 [2025-02-14T17:21:02+01:00] Asset: FGEN (FibroGen, Inc Common Stock), AvgChange: 0.02, DayChange: 0.11, LastPrice: 0.57

2025/02/14 17:23:03 [2025-02-14T17:23:03+01:00] Asset: TCX (Tucows Inc. Class A Common Stock), AvgChange: 0.02, DayChange: 0.15, LastPrice: 18.84

2025/02/14 17:30:04 [2025-02-14T17:30:04+01:00] Asset: PTPI (Petros Pharmaceuticals, Inc. Common Stock), AvgChange: 0.03, DayChange: 0.16, LastPrice: 0.32

2025/02/14 17:31:02 [2025-02-14T17:31:02+01:00] Asset: CRBP (Corbus Pharmaceuticals Holdings, Inc. Common Stock), AvgChange: 0.04, DayChange: 0.11, LastPrice: 9.30

2025/02/14 17:32:05 [2025-02-14T17:32:05+01:00] Asset: CYCC (Cyclacel Pharmaceuticals, Inc. Common Stock), AvgChange: 0.01, DayChange: 0.11, LastPrice: 0.36

2025/02/14 17:41:01 [2025-02-14T17:41:01+01:00] Asset: MRNA (Moderna, Inc. Common Stock), AvgChange: 0.04, DayChange: 0.11, LastPrice: 33.84

2025/02/14 17:43:02 [2025-02-14T17:43:02+01:00] Asset: HRTX (Heron Therapeutics, Inc. Common Stock), AvgChange: 0.03, DayChange: 0.10, LastPrice: 1.81

2025/02/14 18:11:01 [2025-02-14T18:11:01+01:00] Asset: FBRX (Forte Biosciences, Inc. Common Stock), AvgChange: 0.02, DayChange: 0.11, LastPrice: 12.89

2025/02/14 18:19:05 [2025-02-14T18:19:05+01:00] Asset: NPCE (Neuropace, Inc. Common Stock), AvgChange: 0.02, DayChange: 0.10, LastPrice: 11.51

2025/02/14 18:27:04 [2025-02-14T18:27:04+01:00] Asset: NISN (NiSun International Enterprise Development Group Co., Ltd. Class A Common Shares), AvgChange: 0.03, DayChange: 0.11, LastPrice: 8.88

2025/02/14 18:27:04 [2025-02-14T18:27:04+01:00] Asset: SLN (Silence Therapeutics Plc American Depository Share), AvgChange: 0.04, DayChange: 0.11, LastPrice: 5.05

2025/02/14 19:23:11 [2025-02-14T19:23:11+01:00] Asset: POAI (Predictive Oncology Inc. Common Stock), AvgChange: 0.04, DayChange: 0.10, LastPrice: 1.62

2025/02/14 19:23:11 [2025-02-14T19:23:11+01:00] Asset: SRZN (Surrozen, Inc. Common Stock), AvgChange: 0.01, DayChange: 0.10, LastPrice: 11.81

2025/02/14 19:23:11 [2025-02-14T19:23:11+01:00] Asset: CLIR (ClearSign Technologies Corporation Common Stock (DE)), AvgChange: 0.02, DayChange: 0.10, LastPrice: 1.06

2025/02/14 20:14:23 [2025-02-14T20:14:23+01:00] Asset: OPRT (Oportun Financial Corporation Common Stock), AvgChange: 0.03, DayChange: 0.12, LastPrice: 7.38

2025/02/14 20:14:23 [2025-02-14T20:14:23+01:00] Asset: CAMP (CAMP4 Therapeutics Corporation Common Stock), AvgChange: 0.05, DayChange: 0.13, LastPrice: 5.18

2025/02/14 20:14:23 [2025-02-14T20:14:23+01:00] Asset: CUTR (Cutera, Inc. Common Stock), AvgChange: 0.04, DayChange: 0.11, LastPrice: 0.49

2025/02/14 20:14:23 [2025-02-14T20:14:23+01:00] Asset: GALT (Galectin Therapeutics Inc. Common Stock), AvgChange: 0.02, DayChange: 0.12, LastPrice: 1.50

2025/02/14 20:14:23 [2025-02-14T20:14:23+01:00] Asset: VRCA (Verrica Pharmaceuticals Inc. Common Stock), AvgChange: 0.03, DayChange: 0.10, LastPrice: 0.74

2025/02/14 20:14:23 [2025-02-14T20:14:23+01:00] Asset: RCEL (Avita Medical, Inc. Common Stock), AvgChange: 0.02, DayChange: 0.11, LastPrice: 11.07

2025/02/14 20:14:23 [2025-02-14T20:14:23+01:00] Asset: FORA (Forian Inc. Common Stock), AvgChange: 0.03, DayChange: 0.23, LastPrice: 3.54

2025/02/14 20:29:33 [2025-02-14T20:29:33+01:00] Asset: SVRE (SaverOne 2014 Ltd. American Depositary Shares), AvgChange: 0.06, DayChange: 0.13, LastPrice: 0.50

2025/02/14 20:50:03 [2025-02-14T20:50:03+01:00] Asset: NVCT (Nuvectis Pharma, Inc. Common Stock), AvgChange: 0.04, DayChange: 0.10, LastPrice: 7.66

2025/02/14 20:50:03 [2025-02-14T20:50:03+01:00] Asset: PAVM (PAVmed Inc. Common Stock), AvgChange: 0.01, DayChange: 0.12, LastPrice: 0.74

2025/02/14 21:08:05 [2025-02-14T21:08:05+01:00] Asset: CTSO (Cytosorbents Corporation Common Stock), AvgChange: 0.01, DayChange: 0.15, LastPrice: 1.35

2025/02/14 21:08:05 [2025-02-14T21:08:05+01:00] Asset: LUCD (Lucid Diagnostics Inc. Common Stock), AvgChange: 0.03, DayChange: 0.11, LastPrice: 1.49

2025/02/14 21:25:34 [2025-02-14T21:25:34+01:00] Asset: SEPN (Septerna, Inc. Common Stock), AvgChange: 0.05, DayChange: 0.11, LastPrice: 13.03

2025/02/14 21:34:31 [2025-02-14T21:34:31+01:00] Asset: BCAB (BioAtla, Inc. Common Stock), AvgChange: 0.04, DayChange: 0.11, LastPrice: 0.49

2025/02/14 21:49:37 [2025-02-14T21:49:37+01:00] Asset: GRYP (Gryphon Digital Mining, Inc Common Stock), AvgChange: 0.03, DayChange: 0.12, LastPrice: 0.36

2025/02/14 21:49:37 [2025-02-14T21:49:37+01:00] Asset: XELB (Xcel Brands, Inc. Common Stock), AvgChange: 0.01, DayChange: 0.11, LastPrice: 0.41

2025/02/14 22:35:31 [2025-02-14T22:35:31+01:00] Asset: NEOV (NeoVolta Inc. Common Stock), AvgChange: 0.02, DayChange: 0.11, LastPrice: 3.35

2025/02/14 22:35:31 [2025-02-14T22:35:31+01:00] Asset: CERO (CERo Therapeutics Holdings, Inc. Common Stock), AvgChange: 0.06, DayChange: 0.10, LastPrice: 2.05

2025/02/14 22:35:31 [2025-02-14T22:35:31+01:00] Asset: CYTK (Cytokinetics, Incorporated Common Stock), AvgChange: 0.03, DayChange: 0.10, LastPrice: 46.17

2025/02/14 22:35:31 [2025-02-14T22:35:31+01:00] Asset: DKNG (DraftKings Inc. Class A Common Stock), AvgChange: 0.01, DayChange: 0.10, LastPrice: 53.53

